<?xml version="1.0" encoding="UTF-8"?>
<testsuites>
  <testsuite name="Skel Test Suite" tests="26" assertions="72" failures="0" errors="0" time="34.284964">
    <testsuite name="AuthControllerTest" file="C:\wamp\www\zf2napratica2\module\Admin\tests\src\Admin\Controller\AuthControllerTest.php" tests="5" assertions="15" failures="0" errors="0" time="7.519431">
      <testcase name="test404" class="AuthControllerTest" file="C:\wamp\www\zf2napratica2\module\Admin\tests\src\Admin\Controller\AuthControllerTest.php" line="29" assertions="1" time="1.466084"/>
      <testcase name="testIndexActionLoginForm" class="AuthControllerTest" file="C:\wamp\www\zf2napratica2\module\Admin\tests\src\Admin\Controller\AuthControllerTest.php" line="37" assertions="8" time="1.321076"/>
      <testcase name="testLoginInvalidMethod" class="AuthControllerTest" file="C:\wamp\www\zf2napratica2\module\Admin\tests\src\Admin\Controller\AuthControllerTest.php" line="72" assertions="2" time="2.044117"/>
      <testcase name="testLogin" class="AuthControllerTest" file="C:\wamp\www\zf2napratica2\module\Admin\tests\src\Admin\Controller\AuthControllerTest.php" line="81" assertions="2" time="1.358078"/>
      <testcase name="testLogout" class="AuthControllerTest" file="C:\wamp\www\zf2napratica2\module\Admin\tests\src\Admin\Controller\AuthControllerTest.php" line="101" assertions="2" time="1.330076"/>
    </testsuite>
    <testsuite name="IndexControllerTest" file="C:\wamp\www\zf2napratica2\module\Admin\tests\src\Admin\Controller\IndexControllerTest.php" tests="7" assertions="23" failures="0" errors="0" time="10.862621">
      <testcase name="test404" class="IndexControllerTest" file="C:\wamp\www\zf2napratica2\module\Admin\tests\src\Admin\Controller\IndexControllerTest.php" line="31" assertions="1" time="1.192068"/>
      <testcase name="testSaveActionNewRequest" class="IndexControllerTest" file="C:\wamp\www\zf2napratica2\module\Admin\tests\src\Admin\Controller\IndexControllerTest.php" line="43" assertions="5" time="1.181067"/>
      <testcase name="testSaveActionUpdateFormRequest" class="IndexControllerTest" file="C:\wamp\www\zf2napratica2\module\Admin\tests\src\Admin\Controller\IndexControllerTest.php" line="68" assertions="6" time="1.816104"/>
      <testcase name="testSaveActionChamadoRequest" class="IndexControllerTest" file="C:\wamp\www\zf2napratica2\module\Admin\tests\src\Admin\Controller\IndexControllerTest.php" line="103" assertions="4" time="1.873107"/>
      <testcase name="testSaveActionInvalidChamadoRequest" class="IndexControllerTest" file="C:\wamp\www\zf2napratica2\module\Admin\tests\src\Admin\Controller\IndexControllerTest.php" line="138" assertions="3" time="1.510087"/>
      <testcase name="testInvalidDeleteAction" class="IndexControllerTest" file="C:\wamp\www\zf2napratica2\module\Admin\tests\src\Admin\Controller\IndexControllerTest.php" line="169" assertions="2" time="1.641094"/>
      <testcase name="testDeleteAction" class="IndexControllerTest" file="C:\wamp\www\zf2napratica2\module\Admin\tests\src\Admin\Controller\IndexControllerTest.php" line="184" assertions="2" time="1.649094"/>
    </testsuite>
    <testsuite name="Admin\Model\UserTest" file="C:\wamp\www\zf2napratica2\module\Admin\tests\src\Admin\Model\UserTest.php" namespace="Admin\Model" fullPackage="Admin.Model" tests="8" assertions="20" failures="0" errors="0" time="9.333535">
      <testcase name="testGetInputFilter" class="Admin\Model\UserTest" file="C:\wamp\www\zf2napratica2\module\Admin\tests\src\Admin\Model\UserTest.php" line="13" assertions="1" time="0.994057"/>
      <testcase name="testInputFilterValid" class="Admin\Model\UserTest" file="C:\wamp\www\zf2napratica2\module\Admin\tests\src\Admin\Model\UserTest.php" line="25" assertions="7" time="0.986057"/>
      <testcase name="testInputFilterInvalidoUsername" class="Admin\Model\UserTest" file="C:\wamp\www\zf2napratica2\module\Admin\tests\src\Admin\Model\UserTest.php" line="41" assertions="1" time="1.068061"/>
      <testcase name="testInputFilterInvalidoRole" class="Admin\Model\UserTest" file="C:\wamp\www\zf2napratica2\module\Admin\tests\src\Admin\Model\UserTest.php" line="54" assertions="1" time="1.036059"/>
      <testcase name="testInsert" class="Admin\Model\UserTest" file="C:\wamp\www\zf2napratica2\module\Admin\tests\src\Admin\Model\UserTest.php" line="67" assertions="2" time="1.337077"/>
      <testcase name="testInsertInvalido" class="Admin\Model\UserTest" file="C:\wamp\www\zf2napratica2\module\Admin\tests\src\Admin\Model\UserTest.php" line="81" assertions="2" time="1.076062"/>
      <testcase name="testUpdate" class="Admin\Model\UserTest" file="C:\wamp\www\zf2napratica2\module\Admin\tests\src\Admin\Model\UserTest.php" line="90" assertions="3" time="1.647094"/>
      <testcase name="testDelete" class="Admin\Model\UserTest" file="C:\wamp\www\zf2napratica2\module\Admin\tests\src\Admin\Model\UserTest.php" line="113" assertions="3" time="1.189068"/>
    </testsuite>
    <testsuite name="Admin\Service\AuthTest" file="C:\wamp\www\zf2napratica2\module\Admin\tests\src\Admin\Service\AuthTest.php" namespace="Admin\Service" fullPackage="Admin.Service" tests="6" assertions="14" failures="0" errors="0" time="6.569377">
      <testcase name="testAuthenticateWithoutParams" class="Admin\Service\AuthTest" file="C:\wamp\www\zf2napratica2\module\Admin\tests\src\Admin\Service\AuthTest.php" line="28" assertions="1" time="0.970056"/>
      <testcase name="testAuthenticateEmptyParams" class="Admin\Service\AuthTest" file="C:\wamp\www\zf2napratica2\module\Admin\tests\src\Admin\Service\AuthTest.php" line="41" assertions="2" time="0.933053"/>
      <testcase name="testAuthenticateInvalidParameters" class="Admin\Service\AuthTest" file="C:\wamp\www\zf2napratica2\module\Admin\tests\src\Admin\Service\AuthTest.php" line="54" assertions="2" time="1.051061"/>
      <testcase name="testAuthenticateInvalidPassord" class="Admin\Service\AuthTest" file="C:\wamp\www\zf2napratica2\module\Admin\tests\src\Admin\Service\AuthTest.php" line="67" assertions="2" time="1.121064"/>
      <testcase name="testAuthenticateValidParams" class="Admin\Service\AuthTest" file="C:\wamp\www\zf2napratica2\module\Admin\tests\src\Admin\Service\AuthTest.php" line="79" assertions="3" time="1.245071"/>
      <testcase name="testLogout" class="Admin\Service\AuthTest" file="C:\wamp\www\zf2napratica2\module\Admin\tests\src\Admin\Service\AuthTest.php" line="115" assertions="4" time="1.249072"/>
    </testsuite>
  </testsuite>
</testsuites>
